<?xml version="1.0" encoding="UTF-8"?>
<testsuite name="com.gayoung.book.springboot.domain.posts.PostsRepositoryTest" tests="1" skipped="0" failures="0" errors="0" timestamp="2021-03-11T07:32:04" hostname="gimgayeong-ui-MacBookPro-3.local" time="0.03">
  <properties/>
  <testcase name="게시글저장_불러오기" classname="com.gayoung.book.springboot.domain.posts.PostsRepositoryTest" time="0.03"/>
  <system-out><![CDATA[2021-03-11 16:32:02.879  INFO 5867 --- [    Test worker] .b.t.c.SpringBootTestContextBootstrapper : Neither @ContextConfiguration nor @ContextHierarchy found for test class [com.gayoung.book.springboot.domain.posts.PostsRepositoryTest], using SpringBootContextLoader
2021-03-11 16:32:02.880  INFO 5867 --- [    Test worker] o.s.t.c.support.AbstractContextLoader    : Could not detect default resource locations for test class [com.gayoung.book.springboot.domain.posts.PostsRepositoryTest]: no resource found for suffixes {-context.xml, Context.groovy}.
2021-03-11 16:32:02.881  INFO 5867 --- [    Test worker] t.c.s.AnnotationConfigContextLoaderUtils : Could not detect default configuration classes for test class [com.gayoung.book.springboot.domain.posts.PostsRepositoryTest]: PostsRepositoryTest does not declare any static, non-private, non-final, nested classes annotated with @Configuration.
2021-03-11 16:32:02.889  INFO 5867 --- [    Test worker] .b.t.c.SpringBootTestContextBootstrapper : Found @SpringBootConfiguration com.gayoung.book.springboot.Application for test class com.gayoung.book.springboot.domain.posts.PostsRepositoryTest
2021-03-11 16:32:02.890  INFO 5867 --- [    Test worker] .b.t.c.SpringBootTestContextBootstrapper : Loaded default TestExecutionListener class names from location [META-INF/spring.factories]: [org.springframework.security.test.context.support.WithSecurityContextTestExecutionListener, org.springframework.security.test.context.support.ReactorContextTestExecutionListener, org.springframework.boot.test.autoconfigure.restdocs.RestDocsTestExecutionListener, org.springframework.boot.test.autoconfigure.web.client.MockRestServiceServerResetTestExecutionListener, org.springframework.boot.test.autoconfigure.web.servlet.MockMvcPrintOnlyOnFailureTestExecutionListener, org.springframework.boot.test.autoconfigure.web.servlet.WebDriverTestExecutionListener, org.springframework.boot.test.mock.mockito.MockitoTestExecutionListener, org.springframework.boot.test.mock.mockito.ResetMocksTestExecutionListener, org.springframework.test.context.web.ServletTestExecutionListener, org.springframework.test.context.support.DirtiesContextBeforeModesTestExecutionListener, org.springframework.test.context.support.DependencyInjectionTestExecutionListener, org.springframework.test.context.support.DirtiesContextTestExecutionListener, org.springframework.test.context.transaction.TransactionalTestExecutionListener, org.springframework.test.context.jdbc.SqlScriptsTestExecutionListener]
2021-03-11 16:32:02.891  INFO 5867 --- [    Test worker] .b.t.c.SpringBootTestContextBootstrapper : Using TestExecutionListeners: [org.springframework.test.context.web.ServletTestExecutionListener@4f513c32, org.springframework.test.context.support.DirtiesContextBeforeModesTestExecutionListener@78ffc34d, org.springframework.boot.test.mock.mockito.MockitoTestExecutionListener@6f9115d8, org.springframework.boot.test.autoconfigure.SpringBootDependencyInjectionTestExecutionListener@752566c5, org.springframework.test.context.support.DirtiesContextTestExecutionListener@335374ff, org.springframework.test.context.transaction.TransactionalTestExecutionListener@35b02c73, org.springframework.test.context.jdbc.SqlScriptsTestExecutionListener@5268d0c8, org.springframework.security.test.context.support.WithSecurityContextTestExecutionListener@c25870e, org.springframework.security.test.context.support.ReactorContextTestExecutionListener@24f9fef9, org.springframework.boot.test.autoconfigure.restdocs.RestDocsTestExecutionListener@101e9da1, org.springframework.boot.test.autoconfigure.web.client.MockRestServiceServerResetTestExecutionListener@4e4e1fa, org.springframework.boot.test.autoconfigure.web.servlet.MockMvcPrintOnlyOnFailureTestExecutionListener@24d90b9f, org.springframework.boot.test.autoconfigure.web.servlet.WebDriverTestExecutionListener@4f3c37cb, org.springframework.boot.test.mock.mockito.ResetMocksTestExecutionListener@2b2b4818]

  .   ____          _            __ _ _
 /\\ / ___'_ __ _ _(_)_ __  __ _ \ \ \ \
( ( )\___ | '_ | '_| | '_ \/ _` | \ \ \ \
 \\/  ___)| |_)| | | | | || (_| |  ) ) ) )
  '  |____| .__|_| |_|_| |_\__, | / / / /
 =========|_|==============|___/=/_/_/_/
 :: Spring Boot ::        (v2.1.7.RELEASE)

2021-03-11 16:32:02.922  INFO 5867 --- [    Test worker] c.g.b.s.d.posts.PostsRepositoryTest      : Starting PostsRepositoryTest on gimgayeong-ui-MacBookPro-3.local with PID 5867 (started by user in /Users/user/IdeaProjects/freelec-springboot2-webservice)
2021-03-11 16:32:02.923  INFO 5867 --- [    Test worker] c.g.b.s.d.posts.PostsRepositoryTest      : The following profiles are active: oauth
2021-03-11 16:32:03.147  INFO 5867 --- [    Test worker] .s.d.r.c.RepositoryConfigurationDelegate : Bootstrapping Spring Data repositories in DEFAULT mode.
2021-03-11 16:32:03.164  INFO 5867 --- [    Test worker] .s.d.r.c.RepositoryConfigurationDelegate : Finished Spring Data repository scanning in 16ms. Found 2 repository interfaces.
2021-03-11 16:32:03.290  INFO 5867 --- [    Test worker] trationDelegate$BeanPostProcessorChecker : Bean 'org.springframework.transaction.annotation.ProxyTransactionManagementConfiguration' of type [org.springframework.transaction.annotation.ProxyTransactionManagementConfiguration$$EnhancerBySpringCGLIB$$f8e95915] is not eligible for getting processed by all BeanPostProcessors (for example: not eligible for auto-proxying)
2021-03-11 16:32:03.370  INFO 5867 --- [    Test worker] com.zaxxer.hikari.HikariDataSource       : HikariPool-2 - Starting...
2021-03-11 16:32:03.372  INFO 5867 --- [    Test worker] com.zaxxer.hikari.HikariDataSource       : HikariPool-2 - Start completed.
2021-03-11 16:32:03.397  INFO 5867 --- [    Test worker] o.hibernate.jpa.internal.util.LogHelper  : HHH000204: Processing PersistenceUnitInfo [
	name: default
	...]
2021-03-11 16:32:03.403  INFO 5867 --- [    Test worker] org.hibernate.dialect.Dialect            : HHH000400: Using dialect: org.hibernate.dialect.MySQL5InnoDBDialect
Hibernate: drop table if exists posts
Hibernate: drop table if exists user
Hibernate: create table posts (id bigint not null auto_increment, created_date datetime, modified_date datetime, author varchar(255), content TEXT not null, title varchar(500) not null, primary key (id)) engine=InnoDB
Hibernate: create table user (id bigint not null auto_increment, created_date datetime, modified_date datetime, email varchar(255) not null, name varchar(255) not null, picture varchar(255), role varchar(255) not null, primary key (id)) engine=InnoDB
2021-03-11 16:32:03.449  INFO 5867 --- [    Test worker] o.h.t.schema.internal.SchemaCreatorImpl  : HHH000476: Executing import script 'org.hibernate.tool.schema.internal.exec.ScriptSourceInputNonExistentImpl@61bb00c4'
2021-03-11 16:32:03.450  INFO 5867 --- [    Test worker] j.LocalContainerEntityManagerFactoryBean : Initialized JPA EntityManagerFactory for persistence unit 'default'
2021-03-11 16:32:03.655  INFO 5867 --- [    Test worker] o.h.h.i.QueryTranslatorFactoryInitiator  : HHH000397: Using ASTQueryTranslatorFactory
2021-03-11 16:32:03.849  INFO 5867 --- [    Test worker] o.s.s.web.DefaultSecurityFilterChain     : Creating filter chain: any request, [org.springframework.security.web.context.request.async.WebAsyncManagerIntegrationFilter@79f6ae61, org.springframework.security.web.context.SecurityContextPersistenceFilter@5fa907c, org.springframework.security.web.header.HeaderWriterFilter@b594917, org.springframework.security.web.authentication.logout.LogoutFilter@4761a4f7, org.springframework.security.oauth2.client.web.OAuth2AuthorizationRequestRedirectFilter@9b39f6b, org.springframework.security.oauth2.client.web.OAuth2LoginAuthenticationFilter@43003ba0, org.springframework.security.web.authentication.ui.DefaultLoginPageGeneratingFilter@1649bf32, org.springframework.security.web.authentication.ui.DefaultLogoutPageGeneratingFilter@52bb154c, org.springframework.security.web.savedrequest.RequestCacheAwareFilter@699b2b6b, org.springframework.security.web.servletapi.SecurityContextHolderAwareRequestFilter@28cbd6be, org.springframework.security.web.authentication.AnonymousAuthenticationFilter@476690b7, org.springframework.security.web.session.SessionManagementFilter@4dfe6855, org.springframework.security.web.access.ExceptionTranslationFilter@2bdd60e, org.springframework.security.web.access.intercept.FilterSecurityInterceptor@db4ca51]
2021-03-11 16:32:04.136  INFO 5867 --- [    Test worker] o.s.s.concurrent.ThreadPoolTaskExecutor  : Initializing ExecutorService 'applicationTaskExecutor'
2021-03-11 16:32:04.151  WARN 5867 --- [    Test worker] aWebConfiguration$JpaWebMvcConfiguration : spring.jpa.open-in-view is enabled by default. Therefore, database queries may be performed during view rendering. Explicitly configure spring.jpa.open-in-view to disable this warning
2021-03-11 16:32:04.182  INFO 5867 --- [    Test worker] o.s.b.a.w.s.WelcomePageHandlerMapping    : Adding welcome page template: index
2021-03-11 16:32:04.565  INFO 5867 --- [    Test worker] s.a.ScheduledAnnotationBeanPostProcessor : No TaskScheduler/ScheduledExecutorService bean found for scheduled processing
2021-03-11 16:32:04.568  INFO 5867 --- [    Test worker] c.g.b.s.d.posts.PostsRepositoryTest      : Started PostsRepositoryTest in 1.675 seconds (JVM running for 14.507)
Hibernate: insert into posts (created_date, modified_date, author, content, title) values (?, ?, ?, ?, ?)
Hibernate: select posts0_.id as id1_0_, posts0_.created_date as created_2_0_, posts0_.modified_date as modified3_0_, posts0_.author as author4_0_, posts0_.content as content5_0_, posts0_.title as title6_0_ from posts posts0_
Hibernate: select posts0_.id as id1_0_, posts0_.created_date as created_2_0_, posts0_.modified_date as modified3_0_, posts0_.author as author4_0_, posts0_.content as content5_0_, posts0_.title as title6_0_ from posts posts0_
Hibernate: delete from posts where id=?
]]></system-out>
  <system-err><![CDATA[]]></system-err>
</testsuite>
