<?xml version="1.0" encoding="UTF-8"?>
<testsuite name="com.gayoung.book.springboot.web.IndexControllerTest" tests="1" skipped="0" failures="0" errors="0" timestamp="2021-03-11T07:32:02" hostname="gimgayeong-ui-MacBookPro-3.local" time="0.292">
  <properties/>
  <testcase name="메인페이지_로딩" classname="com.gayoung.book.springboot.web.IndexControllerTest" time="0.292"/>
  <system-out><![CDATA[2021-03-11 16:31:56.128  INFO 5867 --- [    Test worker] .b.t.c.SpringBootTestContextBootstrapper : Neither @ContextConfiguration nor @ContextHierarchy found for test class [com.gayoung.book.springboot.web.IndexControllerTest], using SpringBootContextLoader
2021-03-11 16:31:56.129  INFO 5867 --- [    Test worker] o.s.t.c.support.AbstractContextLoader    : Could not detect default resource locations for test class [com.gayoung.book.springboot.web.IndexControllerTest]: no resource found for suffixes {-context.xml, Context.groovy}.
2021-03-11 16:31:56.130  INFO 5867 --- [    Test worker] t.c.s.AnnotationConfigContextLoaderUtils : Could not detect default configuration classes for test class [com.gayoung.book.springboot.web.IndexControllerTest]: IndexControllerTest does not declare any static, non-private, non-final, nested classes annotated with @Configuration.
2021-03-11 16:31:56.133  INFO 5867 --- [    Test worker] .b.t.c.SpringBootTestContextBootstrapper : Found @SpringBootConfiguration com.gayoung.book.springboot.Application for test class com.gayoung.book.springboot.web.IndexControllerTest
2021-03-11 16:31:56.135  INFO 5867 --- [    Test worker] .b.t.c.SpringBootTestContextBootstrapper : Loaded default TestExecutionListener class names from location [META-INF/spring.factories]: [org.springframework.security.test.context.support.WithSecurityContextTestExecutionListener, org.springframework.security.test.context.support.ReactorContextTestExecutionListener, org.springframework.boot.test.autoconfigure.restdocs.RestDocsTestExecutionListener, org.springframework.boot.test.autoconfigure.web.client.MockRestServiceServerResetTestExecutionListener, org.springframework.boot.test.autoconfigure.web.servlet.MockMvcPrintOnlyOnFailureTestExecutionListener, org.springframework.boot.test.autoconfigure.web.servlet.WebDriverTestExecutionListener, org.springframework.boot.test.mock.mockito.MockitoTestExecutionListener, org.springframework.boot.test.mock.mockito.ResetMocksTestExecutionListener, org.springframework.test.context.web.ServletTestExecutionListener, org.springframework.test.context.support.DirtiesContextBeforeModesTestExecutionListener, org.springframework.test.context.support.DependencyInjectionTestExecutionListener, org.springframework.test.context.support.DirtiesContextTestExecutionListener, org.springframework.test.context.transaction.TransactionalTestExecutionListener, org.springframework.test.context.jdbc.SqlScriptsTestExecutionListener]
2021-03-11 16:31:56.136  INFO 5867 --- [    Test worker] .b.t.c.SpringBootTestContextBootstrapper : Using TestExecutionListeners: [org.springframework.test.context.web.ServletTestExecutionListener@4aea0e61, org.springframework.test.context.support.DirtiesContextBeforeModesTestExecutionListener@5a97538f, org.springframework.boot.test.mock.mockito.MockitoTestExecutionListener@63f42ebe, org.springframework.boot.test.autoconfigure.SpringBootDependencyInjectionTestExecutionListener@702fe1d8, org.springframework.test.context.support.DirtiesContextTestExecutionListener@6a2c70ba, org.springframework.test.context.transaction.TransactionalTestExecutionListener@a474d5b, org.springframework.test.context.jdbc.SqlScriptsTestExecutionListener@48040373, org.springframework.security.test.context.support.WithSecurityContextTestExecutionListener@472a0a8a, org.springframework.security.test.context.support.ReactorContextTestExecutionListener@4e0a0b75, org.springframework.boot.test.autoconfigure.restdocs.RestDocsTestExecutionListener@7e97aa7a, org.springframework.boot.test.autoconfigure.web.client.MockRestServiceServerResetTestExecutionListener@16e02140, org.springframework.boot.test.autoconfigure.web.servlet.MockMvcPrintOnlyOnFailureTestExecutionListener@189074c, org.springframework.boot.test.autoconfigure.web.servlet.WebDriverTestExecutionListener@1f46f5ab, org.springframework.boot.test.mock.mockito.ResetMocksTestExecutionListener@5c415843]

  .   ____          _            __ _ _
 /\\ / ___'_ __ _ _(_)_ __  __ _ \ \ \ \
( ( )\___ | '_ | '_| | '_ \/ _` | \ \ \ \
 \\/  ___)| |_)| | | | | || (_| |  ) ) ) )
  '  |____| .__|_| |_|_| |_\__, | / / / /
 =========|_|==============|___/=/_/_/_/
 :: Spring Boot ::        (v2.1.7.RELEASE)

2021-03-11 16:31:56.264  INFO 5867 --- [    Test worker] c.g.b.s.web.IndexControllerTest          : Starting IndexControllerTest on gimgayeong-ui-MacBookPro-3.local with PID 5867 (started by user in /Users/user/IdeaProjects/freelec-springboot2-webservice)
2021-03-11 16:31:56.265  INFO 5867 --- [    Test worker] c.g.b.s.web.IndexControllerTest          : The following profiles are active: oauth
2021-03-11 16:31:56.732  INFO 5867 --- [    Test worker] .s.d.r.c.RepositoryConfigurationDelegate : Bootstrapping Spring Data repositories in DEFAULT mode.
2021-03-11 16:31:56.814  INFO 5867 --- [    Test worker] .s.d.r.c.RepositoryConfigurationDelegate : Finished Spring Data repository scanning in 69ms. Found 2 repository interfaces.
2021-03-11 16:31:57.164  INFO 5867 --- [    Test worker] trationDelegate$BeanPostProcessorChecker : Bean 'org.springframework.transaction.annotation.ProxyTransactionManagementConfiguration' of type [org.springframework.transaction.annotation.ProxyTransactionManagementConfiguration$$EnhancerBySpringCGLIB$$f8e95915] is not eligible for getting processed by all BeanPostProcessors (for example: not eligible for auto-proxying)
2021-03-11 16:31:57.576  INFO 5867 --- [    Test worker] o.s.b.w.embedded.tomcat.TomcatWebServer  : Tomcat initialized with port(s): 0 (http)
2021-03-11 16:31:57.610  INFO 5867 --- [    Test worker] o.apache.catalina.core.StandardService   : Starting service [Tomcat]
2021-03-11 16:31:57.611  INFO 5867 --- [    Test worker] org.apache.catalina.core.StandardEngine  : Starting Servlet engine: [Apache Tomcat/9.0.22]
2021-03-11 16:31:57.830  INFO 5867 --- [    Test worker] o.a.c.c.C.[Tomcat].[localhost].[/]       : Initializing Spring embedded WebApplicationContext
2021-03-11 16:31:57.830  INFO 5867 --- [    Test worker] o.s.web.context.ContextLoader            : Root WebApplicationContext: initialization completed in 1561 ms
2021-03-11 16:31:58.265  INFO 5867 --- [    Test worker] com.zaxxer.hikari.HikariDataSource       : HikariPool-1 - Starting...
2021-03-11 16:31:58.534  INFO 5867 --- [    Test worker] com.zaxxer.hikari.HikariDataSource       : HikariPool-1 - Start completed.
2021-03-11 16:31:58.677  INFO 5867 --- [    Test worker] o.hibernate.jpa.internal.util.LogHelper  : HHH000204: Processing PersistenceUnitInfo [
	name: default
	...]
2021-03-11 16:31:58.788  INFO 5867 --- [    Test worker] org.hibernate.Version                    : HHH000412: Hibernate Core {5.3.10.Final}
2021-03-11 16:31:58.792  INFO 5867 --- [    Test worker] org.hibernate.cfg.Environment            : HHH000206: hibernate.properties not found
2021-03-11 16:31:58.878  INFO 5867 --- [    Test worker] o.hibernate.annotations.common.Version   : HCANN000001: Hibernate Commons Annotations {5.0.4.Final}
2021-03-11 16:31:59.156  INFO 5867 --- [    Test worker] org.hibernate.dialect.Dialect            : HHH000400: Using dialect: org.hibernate.dialect.MySQL5InnoDBDialect
Hibernate: drop table if exists posts
Hibernate: drop table if exists user
Hibernate: create table posts (id bigint not null auto_increment, created_date datetime, modified_date datetime, author varchar(255), content TEXT not null, title varchar(500) not null, primary key (id)) engine=InnoDB
Hibernate: create table user (id bigint not null auto_increment, created_date datetime, modified_date datetime, email varchar(255) not null, name varchar(255) not null, picture varchar(255), role varchar(255) not null, primary key (id)) engine=InnoDB
2021-03-11 16:32:00.354  INFO 5867 --- [    Test worker] o.h.t.schema.internal.SchemaCreatorImpl  : HHH000476: Executing import script 'org.hibernate.tool.schema.internal.exec.ScriptSourceInputNonExistentImpl@61bb00c4'
2021-03-11 16:32:00.359  INFO 5867 --- [    Test worker] j.LocalContainerEntityManagerFactoryBean : Initialized JPA EntityManagerFactory for persistence unit 'default'
2021-03-11 16:32:01.224  INFO 5867 --- [    Test worker] o.h.h.i.QueryTranslatorFactoryInitiator  : HHH000397: Using ASTQueryTranslatorFactory
2021-03-11 16:32:01.580  INFO 5867 --- [    Test worker] o.s.s.web.DefaultSecurityFilterChain     : Creating filter chain: any request, [org.springframework.security.web.context.request.async.WebAsyncManagerIntegrationFilter@7c96ae2e, org.springframework.security.web.context.SecurityContextPersistenceFilter@60e1a260, org.springframework.security.web.header.HeaderWriterFilter@2cf60fb2, org.springframework.security.web.authentication.logout.LogoutFilter@700d79a5, org.springframework.security.oauth2.client.web.OAuth2AuthorizationRequestRedirectFilter@4763c8fb, org.springframework.security.oauth2.client.web.OAuth2LoginAuthenticationFilter@4c59fb94, org.springframework.security.web.authentication.ui.DefaultLoginPageGeneratingFilter@1d922ad5, org.springframework.security.web.authentication.ui.DefaultLogoutPageGeneratingFilter@d252204, org.springframework.security.web.savedrequest.RequestCacheAwareFilter@60339658, org.springframework.security.web.servletapi.SecurityContextHolderAwareRequestFilter@7c248e73, org.springframework.security.web.authentication.AnonymousAuthenticationFilter@ea3fd6f, org.springframework.security.web.session.SessionManagementFilter@6db19cce, org.springframework.security.web.access.ExceptionTranslationFilter@24049ace, org.springframework.security.web.access.intercept.FilterSecurityInterceptor@139edffa]
2021-03-11 16:32:01.826  INFO 5867 --- [    Test worker] o.s.s.concurrent.ThreadPoolTaskExecutor  : Initializing ExecutorService 'applicationTaskExecutor'
2021-03-11 16:32:01.844  WARN 5867 --- [    Test worker] aWebConfiguration$JpaWebMvcConfiguration : spring.jpa.open-in-view is enabled by default. Therefore, database queries may be performed during view rendering. Explicitly configure spring.jpa.open-in-view to disable this warning
2021-03-11 16:32:01.871  INFO 5867 --- [    Test worker] o.s.b.a.w.s.WelcomePageHandlerMapping    : Adding welcome page template: index
2021-03-11 16:32:02.214  INFO 5867 --- [    Test worker] s.a.ScheduledAnnotationBeanPostProcessor : No TaskScheduler/ScheduledExecutorService bean found for scheduled processing
2021-03-11 16:32:02.242  INFO 5867 --- [    Test worker] o.s.b.w.embedded.tomcat.TomcatWebServer  : Tomcat started on port(s): 56501 (http) with context path ''
2021-03-11 16:32:02.242  INFO 5867 --- [    Test worker] c.g.b.s.web.IndexControllerTest          : Started IndexControllerTest in 6.063 seconds (JVM running for 12.182)
2021-03-11 16:32:02.383  INFO 5867 --- [o-auto-1-exec-1] o.a.c.c.C.[Tomcat].[localhost].[/]       : Initializing Spring DispatcherServlet 'dispatcherServlet'
2021-03-11 16:32:02.383  INFO 5867 --- [o-auto-1-exec-1] o.s.web.servlet.DispatcherServlet        : Initializing Servlet 'dispatcherServlet'
2021-03-11 16:32:02.426  INFO 5867 --- [o-auto-1-exec-1] o.s.web.servlet.DispatcherServlet        : Completed initialization in 43 ms
Hibernate: select posts0_.id as id1_0_, posts0_.created_date as created_2_0_, posts0_.modified_date as modified3_0_, posts0_.author as author4_0_, posts0_.content as content5_0_, posts0_.title as title6_0_ from posts posts0_ order by posts0_.id DESC
]]></system-out>
  <system-err><![CDATA[]]></system-err>
</testsuite>
