<?xml version="1.0" encoding="UTF-8"?>
<testsuite name="com.gayoung.book.springboot.web.PostsApiControllerTest" tests="2" skipped="0" failures="0" errors="0" timestamp="2021-03-11T07:32:02" hostname="gimgayeong-ui-MacBookPro-3.local" time="0.315">
  <properties/>
  <testcase name="Posts_등록된다" classname="com.gayoung.book.springboot.web.PostsApiControllerTest" time="0.272"/>
  <testcase name="Posts_수정된다" classname="com.gayoung.book.springboot.web.PostsApiControllerTest" time="0.041"/>
  <system-out><![CDATA[2021-03-11 16:32:02.549  INFO 5867 --- [    Test worker] .b.t.c.SpringBootTestContextBootstrapper : Neither @ContextConfiguration nor @ContextHierarchy found for test class [com.gayoung.book.springboot.web.PostsApiControllerTest], using SpringBootContextLoader
2021-03-11 16:32:02.549  INFO 5867 --- [    Test worker] o.s.t.c.support.AbstractContextLoader    : Could not detect default resource locations for test class [com.gayoung.book.springboot.web.PostsApiControllerTest]: no resource found for suffixes {-context.xml, Context.groovy}.
2021-03-11 16:32:02.549  INFO 5867 --- [    Test worker] t.c.s.AnnotationConfigContextLoaderUtils : Could not detect default configuration classes for test class [com.gayoung.book.springboot.web.PostsApiControllerTest]: PostsApiControllerTest does not declare any static, non-private, non-final, nested classes annotated with @Configuration.
2021-03-11 16:32:02.551  INFO 5867 --- [    Test worker] .b.t.c.SpringBootTestContextBootstrapper : Found @SpringBootConfiguration com.gayoung.book.springboot.Application for test class com.gayoung.book.springboot.web.PostsApiControllerTest
2021-03-11 16:32:02.551  INFO 5867 --- [    Test worker] .b.t.c.SpringBootTestContextBootstrapper : Loaded default TestExecutionListener class names from location [META-INF/spring.factories]: [org.springframework.security.test.context.support.WithSecurityContextTestExecutionListener, org.springframework.security.test.context.support.ReactorContextTestExecutionListener, org.springframework.boot.test.autoconfigure.restdocs.RestDocsTestExecutionListener, org.springframework.boot.test.autoconfigure.web.client.MockRestServiceServerResetTestExecutionListener, org.springframework.boot.test.autoconfigure.web.servlet.MockMvcPrintOnlyOnFailureTestExecutionListener, org.springframework.boot.test.autoconfigure.web.servlet.WebDriverTestExecutionListener, org.springframework.boot.test.mock.mockito.MockitoTestExecutionListener, org.springframework.boot.test.mock.mockito.ResetMocksTestExecutionListener, org.springframework.test.context.web.ServletTestExecutionListener, org.springframework.test.context.support.DirtiesContextBeforeModesTestExecutionListener, org.springframework.test.context.support.DependencyInjectionTestExecutionListener, org.springframework.test.context.support.DirtiesContextTestExecutionListener, org.springframework.test.context.transaction.TransactionalTestExecutionListener, org.springframework.test.context.jdbc.SqlScriptsTestExecutionListener]
2021-03-11 16:32:02.555  INFO 5867 --- [    Test worker] .b.t.c.SpringBootTestContextBootstrapper : Using TestExecutionListeners: [org.springframework.test.context.web.ServletTestExecutionListener@1aeee437, org.springframework.test.context.support.DirtiesContextBeforeModesTestExecutionListener@659ede95, org.springframework.boot.test.mock.mockito.MockitoTestExecutionListener@1a9ff276, org.springframework.boot.test.autoconfigure.SpringBootDependencyInjectionTestExecutionListener@336de33, org.springframework.test.context.support.DirtiesContextTestExecutionListener@6e944d3e, org.springframework.test.context.transaction.TransactionalTestExecutionListener@7d6d5c0f, org.springframework.test.context.jdbc.SqlScriptsTestExecutionListener@18840d96, org.springframework.security.test.context.support.WithSecurityContextTestExecutionListener@2df68ff3, org.springframework.security.test.context.support.ReactorContextTestExecutionListener@61c7dace, org.springframework.boot.test.autoconfigure.restdocs.RestDocsTestExecutionListener@76dd7fdd, org.springframework.boot.test.autoconfigure.web.client.MockRestServiceServerResetTestExecutionListener@4e0d342d, org.springframework.boot.test.autoconfigure.web.servlet.MockMvcPrintOnlyOnFailureTestExecutionListener@579db308, org.springframework.boot.test.autoconfigure.web.servlet.WebDriverTestExecutionListener@8d3129f, org.springframework.boot.test.mock.mockito.ResetMocksTestExecutionListener@15edb7cf]
2021-03-11 16:32:02.580  INFO 5867 --- [    Test worker] o.a.c.c.C.[Tomcat].[localhost].[/]       : Initializing Spring TestDispatcherServlet ''
2021-03-11 16:32:02.580  INFO 5867 --- [    Test worker] o.s.t.web.servlet.TestDispatcherServlet  : Initializing Servlet ''
2021-03-11 16:32:02.585  INFO 5867 --- [    Test worker] o.s.t.web.servlet.TestDispatcherServlet  : Completed initialization in 4 ms
Hibernate: insert into posts (created_date, modified_date, author, content, title) values (?, ?, ?, ?, ?)
Hibernate: select posts0_.id as id1_0_, posts0_.created_date as created_2_0_, posts0_.modified_date as modified3_0_, posts0_.author as author4_0_, posts0_.content as content5_0_, posts0_.title as title6_0_ from posts posts0_
Hibernate: select posts0_.id as id1_0_, posts0_.created_date as created_2_0_, posts0_.modified_date as modified3_0_, posts0_.author as author4_0_, posts0_.content as content5_0_, posts0_.title as title6_0_ from posts posts0_
Hibernate: delete from posts where id=?
2021-03-11 16:32:02.837  INFO 5867 --- [    Test worker] o.a.c.c.C.[Tomcat].[localhost].[/]       : Initializing Spring TestDispatcherServlet ''
2021-03-11 16:32:02.838  INFO 5867 --- [    Test worker] o.s.t.web.servlet.TestDispatcherServlet  : Initializing Servlet ''
2021-03-11 16:32:02.842  INFO 5867 --- [    Test worker] o.s.t.web.servlet.TestDispatcherServlet  : Completed initialization in 4 ms
Hibernate: insert into posts (created_date, modified_date, author, content, title) values (?, ?, ?, ?, ?)
Hibernate: select posts0_.id as id1_0_0_, posts0_.created_date as created_2_0_0_, posts0_.modified_date as modified3_0_0_, posts0_.author as author4_0_0_, posts0_.content as content5_0_0_, posts0_.title as title6_0_0_ from posts posts0_ where posts0_.id=?
Hibernate: update posts set created_date=?, modified_date=?, author=?, content=?, title=? where id=?
Hibernate: select posts0_.id as id1_0_, posts0_.created_date as created_2_0_, posts0_.modified_date as modified3_0_, posts0_.author as author4_0_, posts0_.content as content5_0_, posts0_.title as title6_0_ from posts posts0_
Hibernate: select posts0_.id as id1_0_, posts0_.created_date as created_2_0_, posts0_.modified_date as modified3_0_, posts0_.author as author4_0_, posts0_.content as content5_0_, posts0_.title as title6_0_ from posts posts0_
Hibernate: delete from posts where id=?
]]></system-out>
  <system-err><![CDATA[]]></system-err>
</testsuite>
