<?xml version="1.0" encoding="UTF-8"?>
<testsuite name="com.gayoung.book.springboot.web.dto.HelloResponseDtoTest" tests="1" skipped="0" failures="0" errors="0" timestamp="2021-03-11T07:31:50" hostname="gimgayeong-ui-MacBookPro-3.local" time="0.075">
  <properties/>
  <testcase name="롬복_기능_테스트" classname="com.gayoung.book.springboot.web.dto.HelloResponseDtoTest" time="0.075"/>
  <system-out><![CDATA[]]></system-out>
  <system-err><![CDATA[]]></system-err>
</testsuite>
