<?xml version="1.0" encoding="UTF-8"?>
<testsuite name="com.gayoung.book.springboot.web.HelloControllerTest" tests="2" skipped="0" failures="0" errors="0" timestamp="2021-03-11T07:31:55" hostname="gimgayeong-ui-MacBookPro-3.local" time="0.428">
  <properties/>
  <testcase name="hello가_리턴된다" classname="com.gayoung.book.springboot.web.HelloControllerTest" time="0.334"/>
  <testcase name="helloDto가_리턴된다" classname="com.gayoung.book.springboot.web.HelloControllerTest" time="0.093"/>
  <system-out><![CDATA[16:31:51.073 [Test worker] DEBUG org.springframework.test.context.junit4.SpringJUnit4ClassRunner - SpringJUnit4ClassRunner constructor called with [class com.gayoung.book.springboot.web.HelloControllerTest]
16:31:51.090 [Test worker] DEBUG org.springframework.test.context.BootstrapUtils - Instantiating CacheAwareContextLoaderDelegate from class [org.springframework.test.context.cache.DefaultCacheAwareContextLoaderDelegate]
16:31:51.120 [Test worker] DEBUG org.springframework.test.context.BootstrapUtils - Instantiating BootstrapContext using constructor [public org.springframework.test.context.support.DefaultBootstrapContext(java.lang.Class,org.springframework.test.context.CacheAwareContextLoaderDelegate)]
16:31:51.175 [Test worker] DEBUG org.springframework.test.context.BootstrapUtils - Instantiating TestContextBootstrapper for test class [com.gayoung.book.springboot.web.HelloControllerTest] from class [org.springframework.boot.test.autoconfigure.web.servlet.WebMvcTestContextBootstrapper]
16:31:51.211 [Test worker] INFO org.springframework.boot.test.autoconfigure.web.servlet.WebMvcTestContextBootstrapper - Neither @ContextConfiguration nor @ContextHierarchy found for test class [com.gayoung.book.springboot.web.HelloControllerTest], using SpringBootContextLoader
16:31:51.217 [Test worker] DEBUG org.springframework.test.context.support.AbstractContextLoader - Did not detect default resource location for test class [com.gayoung.book.springboot.web.HelloControllerTest]: class path resource [com/gayoung/book/springboot/web/HelloControllerTest-context.xml] does not exist
16:31:51.217 [Test worker] DEBUG org.springframework.test.context.support.AbstractContextLoader - Did not detect default resource location for test class [com.gayoung.book.springboot.web.HelloControllerTest]: class path resource [com/gayoung/book/springboot/web/HelloControllerTestContext.groovy] does not exist
16:31:51.218 [Test worker] INFO org.springframework.test.context.support.AbstractContextLoader - Could not detect default resource locations for test class [com.gayoung.book.springboot.web.HelloControllerTest]: no resource found for suffixes {-context.xml, Context.groovy}.
16:31:51.219 [Test worker] INFO org.springframework.test.context.support.AnnotationConfigContextLoaderUtils - Could not detect default configuration classes for test class [com.gayoung.book.springboot.web.HelloControllerTest]: HelloControllerTest does not declare any static, non-private, non-final, nested classes annotated with @Configuration.
16:31:51.398 [Test worker] DEBUG org.springframework.test.context.support.ActiveProfilesUtils - Could not find an 'annotation declaring class' for annotation type [org.springframework.test.context.ActiveProfiles] and class [com.gayoung.book.springboot.web.HelloControllerTest]
16:31:51.517 [Test worker] DEBUG org.springframework.context.annotation.ClassPathScanningCandidateComponentProvider - Identified candidate component class: file [/Users/user/IdeaProjects/freelec-springboot2-webservice/build/classes/java/main/com/gayoung/book/springboot/Application.class]
16:31:51.518 [Test worker] INFO org.springframework.boot.test.context.SpringBootTestContextBootstrapper - Found @SpringBootConfiguration com.gayoung.book.springboot.Application for test class com.gayoung.book.springboot.web.HelloControllerTest
16:31:51.521 [Test worker] DEBUG org.springframework.boot.test.autoconfigure.web.servlet.WebMvcTestContextBootstrapper - @TestExecutionListeners is not present for class [com.gayoung.book.springboot.web.HelloControllerTest]: using defaults.
16:31:51.522 [Test worker] INFO org.springframework.boot.test.autoconfigure.web.servlet.WebMvcTestContextBootstrapper - Loaded default TestExecutionListener class names from location [META-INF/spring.factories]: [org.springframework.security.test.context.support.WithSecurityContextTestExecutionListener, org.springframework.security.test.context.support.ReactorContextTestExecutionListener, org.springframework.boot.test.autoconfigure.restdocs.RestDocsTestExecutionListener, org.springframework.boot.test.autoconfigure.web.client.MockRestServiceServerResetTestExecutionListener, org.springframework.boot.test.autoconfigure.web.servlet.MockMvcPrintOnlyOnFailureTestExecutionListener, org.springframework.boot.test.autoconfigure.web.servlet.WebDriverTestExecutionListener, org.springframework.boot.test.mock.mockito.MockitoTestExecutionListener, org.springframework.boot.test.mock.mockito.ResetMocksTestExecutionListener, org.springframework.test.context.web.ServletTestExecutionListener, org.springframework.test.context.support.DirtiesContextBeforeModesTestExecutionListener, org.springframework.test.context.support.DependencyInjectionTestExecutionListener, org.springframework.test.context.support.DirtiesContextTestExecutionListener, org.springframework.test.context.transaction.TransactionalTestExecutionListener, org.springframework.test.context.jdbc.SqlScriptsTestExecutionListener]
16:31:51.575 [Test worker] INFO org.springframework.boot.test.autoconfigure.web.servlet.WebMvcTestContextBootstrapper - Using TestExecutionListeners: [org.springframework.test.context.web.ServletTestExecutionListener@69eff0d2, org.springframework.test.context.support.DirtiesContextBeforeModesTestExecutionListener@22cd8d43, org.springframework.boot.test.mock.mockito.MockitoTestExecutionListener@3f6bda63, org.springframework.boot.test.autoconfigure.SpringBootDependencyInjectionTestExecutionListener@3b24ade4, org.springframework.test.context.support.DirtiesContextTestExecutionListener@2d5bb332, org.springframework.test.context.transaction.TransactionalTestExecutionListener@63b2944f, org.springframework.test.context.jdbc.SqlScriptsTestExecutionListener@2ebf298, org.springframework.security.test.context.support.WithSecurityContextTestExecutionListener@1c3e34ac, org.springframework.security.test.context.support.ReactorContextTestExecutionListener@6c8cc63a, org.springframework.boot.test.autoconfigure.restdocs.RestDocsTestExecutionListener@1beb2708, org.springframework.boot.test.autoconfigure.web.client.MockRestServiceServerResetTestExecutionListener@46c979df, org.springframework.boot.test.autoconfigure.web.servlet.MockMvcPrintOnlyOnFailureTestExecutionListener@2b3faefe, org.springframework.boot.test.autoconfigure.web.servlet.WebDriverTestExecutionListener@210810b5, org.springframework.boot.test.mock.mockito.ResetMocksTestExecutionListener@6319a0fb]
16:31:51.577 [Test worker] DEBUG org.springframework.test.annotation.ProfileValueUtils - Retrieved @ProfileValueSourceConfiguration [null] for test class [com.gayoung.book.springboot.web.HelloControllerTest]
16:31:51.578 [Test worker] DEBUG org.springframework.test.annotation.ProfileValueUtils - Retrieved ProfileValueSource type [class org.springframework.test.annotation.SystemProfileValueSource] for class [com.gayoung.book.springboot.web.HelloControllerTest]
16:31:51.578 [Test worker] DEBUG org.springframework.test.annotation.ProfileValueUtils - Retrieved @ProfileValueSourceConfiguration [null] for test class [com.gayoung.book.springboot.web.HelloControllerTest]
16:31:51.578 [Test worker] DEBUG org.springframework.test.annotation.ProfileValueUtils - Retrieved ProfileValueSource type [class org.springframework.test.annotation.SystemProfileValueSource] for class [com.gayoung.book.springboot.web.HelloControllerTest]
16:31:51.585 [Test worker] DEBUG org.springframework.test.context.support.AbstractDirtiesContextTestExecutionListener - Before test class: context [DefaultTestContext@5dfbd5a0 testClass = HelloControllerTest, testInstance = [null], testMethod = [null], testException = [null], mergedContextConfiguration = [WebMergedContextConfiguration@1931e909 testClass = HelloControllerTest, locations = '{}', classes = '{class com.gayoung.book.springboot.Application}', contextInitializerClasses = '[]', activeProfiles = '{}', propertySourceLocations = '{}', propertySourceProperties = '{org.springframework.boot.test.autoconfigure.web.servlet.WebMvcTestContextBootstrapper=true}', contextCustomizers = set[org.springframework.boot.test.autoconfigure.OverrideAutoConfigurationContextCustomizerFactory$DisableAutoConfigurationContextCustomizer@51e08977, org.springframework.boot.test.autoconfigure.filter.TypeExcludeFiltersContextCustomizer@fa5ca7f4, org.springframework.boot.test.autoconfigure.properties.PropertyMappingContextCustomizer@f7e3f72f, org.springframework.boot.test.autoconfigure.web.servlet.WebDriverContextCustomizerFactory$Customizer@41747329, [ImportsContextCustomizer@1b250ea6 key = [org.springframework.boot.autoconfigure.cache.CacheAutoConfiguration, org.springframework.boot.autoconfigure.context.MessageSourceAutoConfiguration, org.springframework.boot.autoconfigure.data.web.SpringDataWebAutoConfiguration, org.springframework.boot.autoconfigure.freemarker.FreeMarkerAutoConfiguration, org.springframework.boot.autoconfigure.groovy.template.GroovyTemplateAutoConfiguration, org.springframework.boot.autoconfigure.gson.GsonAutoConfiguration, org.springframework.boot.autoconfigure.hateoas.HypermediaAutoConfiguration, org.springframework.boot.autoconfigure.http.HttpMessageConvertersAutoConfiguration, org.springframework.boot.autoconfigure.jackson.JacksonAutoConfiguration, org.springframework.boot.autoconfigure.jsonb.JsonbAutoConfiguration, org.springframework.boot.autoconfigure.mustache.MustacheAutoConfiguration, org.springframework.boot.autoconfigure.task.TaskExecutionAutoConfiguration, org.springframework.boot.autoconfigure.thymeleaf.ThymeleafAutoConfiguration, org.springframework.boot.autoconfigure.validation.ValidationAutoConfiguration, org.springframework.boot.autoconfigure.web.servlet.error.ErrorMvcAutoConfiguration, org.springframework.boot.autoconfigure.web.servlet.WebMvcAutoConfiguration, org.springframework.boot.test.autoconfigure.web.servlet.MockMvcAutoConfiguration, org.springframework.boot.test.autoconfigure.web.servlet.MockMvcSecurityAutoConfiguration, org.springframework.boot.test.autoconfigure.web.servlet.MockMvcWebClientAutoConfiguration, org.springframework.boot.test.autoconfigure.web.servlet.MockMvcWebDriverAutoConfiguration]], org.springframework.boot.test.context.filter.ExcludeFilterContextCustomizer@651b6beb, org.springframework.boot.test.json.DuplicateJsonObjectContextCustomizerFactory$DuplicateJsonObjectContextCustomizer@3ad9a741, org.springframework.boot.test.mock.mockito.MockitoContextCustomizer@0], resourceBasePath = 'src/main/webapp', contextLoader = 'org.springframework.boot.test.context.SpringBootContextLoader', parent = [null]], attributes = map[[empty]]], class annotated with @DirtiesContext [false] with mode [null].
16:31:51.586 [Test worker] DEBUG org.springframework.test.annotation.ProfileValueUtils - Retrieved @ProfileValueSourceConfiguration [null] for test class [com.gayoung.book.springboot.web.HelloControllerTest]
16:31:51.586 [Test worker] DEBUG org.springframework.test.annotation.ProfileValueUtils - Retrieved ProfileValueSource type [class org.springframework.test.annotation.SystemProfileValueSource] for class [com.gayoung.book.springboot.web.HelloControllerTest]
16:31:51.592 [Test worker] DEBUG org.springframework.test.context.support.DependencyInjectionTestExecutionListener - Performing dependency injection for test context [[DefaultTestContext@5dfbd5a0 testClass = HelloControllerTest, testInstance = com.gayoung.book.springboot.web.HelloControllerTest@586b8b43, testMethod = [null], testException = [null], mergedContextConfiguration = [WebMergedContextConfiguration@1931e909 testClass = HelloControllerTest, locations = '{}', classes = '{class com.gayoung.book.springboot.Application}', contextInitializerClasses = '[]', activeProfiles = '{}', propertySourceLocations = '{}', propertySourceProperties = '{org.springframework.boot.test.autoconfigure.web.servlet.WebMvcTestContextBootstrapper=true}', contextCustomizers = set[org.springframework.boot.test.autoconfigure.OverrideAutoConfigurationContextCustomizerFactory$DisableAutoConfigurationContextCustomizer@51e08977, org.springframework.boot.test.autoconfigure.filter.TypeExcludeFiltersContextCustomizer@fa5ca7f4, org.springframework.boot.test.autoconfigure.properties.PropertyMappingContextCustomizer@f7e3f72f, org.springframework.boot.test.autoconfigure.web.servlet.WebDriverContextCustomizerFactory$Customizer@41747329, [ImportsContextCustomizer@1b250ea6 key = [org.springframework.boot.autoconfigure.cache.CacheAutoConfiguration, org.springframework.boot.autoconfigure.context.MessageSourceAutoConfiguration, org.springframework.boot.autoconfigure.data.web.SpringDataWebAutoConfiguration, org.springframework.boot.autoconfigure.freemarker.FreeMarkerAutoConfiguration, org.springframework.boot.autoconfigure.groovy.template.GroovyTemplateAutoConfiguration, org.springframework.boot.autoconfigure.gson.GsonAutoConfiguration, org.springframework.boot.autoconfigure.hateoas.HypermediaAutoConfiguration, org.springframework.boot.autoconfigure.http.HttpMessageConvertersAutoConfiguration, org.springframework.boot.autoconfigure.jackson.JacksonAutoConfiguration, org.springframework.boot.autoconfigure.jsonb.JsonbAutoConfiguration, org.springframework.boot.autoconfigure.mustache.MustacheAutoConfiguration, org.springframework.boot.autoconfigure.task.TaskExecutionAutoConfiguration, org.springframework.boot.autoconfigure.thymeleaf.ThymeleafAutoConfiguration, org.springframework.boot.autoconfigure.validation.ValidationAutoConfiguration, org.springframework.boot.autoconfigure.web.servlet.error.ErrorMvcAutoConfiguration, org.springframework.boot.autoconfigure.web.servlet.WebMvcAutoConfiguration, org.springframework.boot.test.autoconfigure.web.servlet.MockMvcAutoConfiguration, org.springframework.boot.test.autoconfigure.web.servlet.MockMvcSecurityAutoConfiguration, org.springframework.boot.test.autoconfigure.web.servlet.MockMvcWebClientAutoConfiguration, org.springframework.boot.test.autoconfigure.web.servlet.MockMvcWebDriverAutoConfiguration]], org.springframework.boot.test.context.filter.ExcludeFilterContextCustomizer@651b6beb, org.springframework.boot.test.json.DuplicateJsonObjectContextCustomizerFactory$DuplicateJsonObjectContextCustomizer@3ad9a741, org.springframework.boot.test.mock.mockito.MockitoContextCustomizer@0], resourceBasePath = 'src/main/webapp', contextLoader = 'org.springframework.boot.test.context.SpringBootContextLoader', parent = [null]], attributes = map[[empty]]]].
16:31:51.752 [Test worker] DEBUG org.springframework.test.context.support.TestPropertySourceUtils - Adding inlined properties to environment: {spring.jmx.enabled=false, org.springframework.boot.test.autoconfigure.web.servlet.WebMvcTestContextBootstrapper=true, server.port=-1}

  .   ____          _            __ _ _
 /\\ / ___'_ __ _ _(_)_ __  __ _ \ \ \ \
( ( )\___ | '_ | '_| | '_ \/ _` | \ \ \ \
 \\/  ___)| |_)| | | | | || (_| |  ) ) ) )
  '  |____| .__|_| |_|_| |_\__, | / / / /
 =========|_|==============|___/=/_/_/_/
 :: Spring Boot ::        (v2.1.7.RELEASE)

2021-03-11 16:31:52.288  INFO 5867 --- [    Test worker] c.g.b.s.web.HelloControllerTest          : Starting HelloControllerTest on gimgayeong-ui-MacBookPro-3.local with PID 5867 (started by user in /Users/user/IdeaProjects/freelec-springboot2-webservice)
2021-03-11 16:31:52.291  INFO 5867 --- [    Test worker] c.g.b.s.web.HelloControllerTest          : The following profiles are active: oauth
2021-03-11 16:31:54.625  INFO 5867 --- [    Test worker] o.s.s.concurrent.ThreadPoolTaskExecutor  : Initializing ExecutorService 'applicationTaskExecutor'
2021-03-11 16:31:54.772  INFO 5867 --- [    Test worker] o.s.b.a.w.s.WelcomePageHandlerMapping    : Adding welcome page template: index
2021-03-11 16:31:55.305  INFO 5867 --- [    Test worker] .s.s.UserDetailsServiceAutoConfiguration : 

Using generated security password: f27ed174-5e98-46f6-baa1-f3a8ac7efb95

2021-03-11 16:31:55.543  INFO 5867 --- [    Test worker] o.s.s.web.DefaultSecurityFilterChain     : Creating filter chain: any request, [org.springframework.security.web.context.request.async.WebAsyncManagerIntegrationFilter@1a963f48, org.springframework.security.web.context.SecurityContextPersistenceFilter@59799715, org.springframework.security.web.header.HeaderWriterFilter@5a914004, org.springframework.security.web.csrf.CsrfFilter@3f7c544, org.springframework.security.web.authentication.logout.LogoutFilter@77c09115, org.springframework.security.web.authentication.UsernamePasswordAuthenticationFilter@4f421f1e, org.springframework.security.web.authentication.ui.DefaultLoginPageGeneratingFilter@5aa7ff, org.springframework.security.web.authentication.ui.DefaultLogoutPageGeneratingFilter@9d79409, org.springframework.security.web.authentication.www.BasicAuthenticationFilter@44df6863, org.springframework.security.web.savedrequest.RequestCacheAwareFilter@5006f4c2, org.springframework.security.web.servletapi.SecurityContextHolderAwareRequestFilter@3a00135a, org.springframework.security.web.authentication.AnonymousAuthenticationFilter@7359e9a6, org.springframework.security.web.session.SessionManagementFilter@bb48e74, org.springframework.security.web.access.ExceptionTranslationFilter@1773a085, org.springframework.security.web.access.intercept.FilterSecurityInterceptor@7f21eb0e]
2021-03-11 16:31:55.602  INFO 5867 --- [    Test worker] o.s.b.t.m.w.SpringBootMockServletContext : Initializing Spring TestDispatcherServlet ''
2021-03-11 16:31:55.602  INFO 5867 --- [    Test worker] o.s.t.web.servlet.TestDispatcherServlet  : Initializing Servlet ''
2021-03-11 16:31:55.620  INFO 5867 --- [    Test worker] o.s.t.web.servlet.TestDispatcherServlet  : Completed initialization in 18 ms
2021-03-11 16:31:55.681  INFO 5867 --- [    Test worker] c.g.b.s.web.HelloControllerTest          : Started HelloControllerTest in 3.915 seconds (JVM running for 5.621)
]]></system-out>
  <system-err><![CDATA[]]></system-err>
</testsuite>
